2025-07-09 21:20:52.840 [main] INFO  com.debuff.debuffbackend.DeBuffBackendApplication - Starting DeBuffBackendApplication using Java 21.0.7 with PID 9604 (D:\Project\Java\DeBuff-Backend\deBuff-backend\target\classes started by m1822 in D:\Project\Java\DeBuff-Backend\deBuff-backend)
2025-07-09 21:20:52.841 [main] DEBUG com.debuff.debuffbackend.DeBuffBackendApplication - Running with Spring Boot v3.5.3, Spring v6.2.8
2025-07-09 21:20:52.842 [main] INFO  com.debuff.debuffbackend.DeBuffBackendApplication - No active profile set, falling back to 1 default profile: "default"
2025-07-09 21:20:53.720 [main] INFO  org.apache.coyote.http11.Http11NioProtocol - Initializing ProtocolHandler ["http-nio-8080"]
2025-07-09 21:20:53.722 [main] INFO  org.apache.catalina.core.StandardService - Starting service [Tomcat]
2025-07-09 21:20:53.722 [main] INFO  org.apache.catalina.core.StandardEngine - Starting Servlet engine: [Apache Tomcat/10.1.42]
2025-07-09 21:20:53.762 [main] INFO  o.a.c.core.ContainerBase.[Tomcat].[localhost].[/] - Initializing Spring embedded WebApplicationContext
2025-07-09 21:20:53.880 [main] INFO  org.hibernate.jpa.internal.util.LogHelper - HHH000204: Processing PersistenceUnitInfo [name: default]
2025-07-09 21:20:53.922 [main] INFO  org.hibernate.Version - HHH000412: Hibernate ORM core version 6.6.18.Final
2025-07-09 21:20:53.950 [main] INFO  o.hibernate.cache.internal.RegionFactoryInitiator - HHH000026: Second-level cache disabled
2025-07-09 21:20:54.192 [main] INFO  com.zaxxer.hikari.HikariDataSource - HikariPool-1 - Starting...
2025-07-09 21:20:54.302 [main] INFO  com.zaxxer.hikari.pool.HikariPool - HikariPool-1 - Added connection com.mysql.cj.jdbc.ConnectionImpl@58636b50
2025-07-09 21:20:54.304 [main] INFO  com.zaxxer.hikari.HikariDataSource - HikariPool-1 - Start completed.
2025-07-09 21:20:54.337 [main] WARN  org.hibernate.orm.deprecation - HHH90000025: MySQL8Dialect does not need to be specified explicitly using 'hibernate.dialect' (remove the property setting and it will be selected by default)
2025-07-09 21:20:54.338 [main] WARN  org.hibernate.orm.deprecation - HHH90000026: MySQL8Dialect has been deprecated; use org.hibernate.dialect.MySQLDialect instead
2025-07-09 21:20:54.350 [main] INFO  org.hibernate.orm.connections.pooling - HHH10001005: Database info:
	Database JDBC URL [Connecting through datasource 'HikariDataSource (HikariPool-1)']
	Database driver: undefined/unknown
	Database version: 8.0
	Autocommit mode: undefined/unknown
	Isolation level: undefined/unknown
	Minimum pool size: undefined/unknown
	Maximum pool size: undefined/unknown
2025-07-09 21:20:54.607 [main] INFO  o.h.e.t.jta.platform.internal.JtaPlatformInitiator - HHH000489: No JTA platform available (set 'hibernate.transaction.jta.platform' to enable JTA platform integration)
2025-07-09 21:20:55.270 [main] WARN  o.s.b.a.o.j.JpaBaseConfiguration$JpaWebConfiguration - spring.jpa.open-in-view is enabled by default. Therefore, database queries may be performed during view rendering. Explicitly configure spring.jpa.open-in-view to disable this warning
2025-07-09 21:20:55.435 [main] WARN  o.s.b.a.t.ThymeleafAutoConfiguration$DefaultTemplateResolverConfiguration - Cannot find template location: classpath:/templates/ (please add some templates, check your Thymeleaf configuration, or set spring.thymeleaf.check-template-location=false)
2025-07-09 21:20:55.569 [main] INFO  org.apache.coyote.http11.Http11NioProtocol - Starting ProtocolHandler ["http-nio-8080"]
2025-07-09 21:20:55.588 [main] INFO  com.debuff.debuffbackend.DeBuffBackendApplication - Started DeBuffBackendApplication in 3.176 seconds (process running for 3.743)
2025-07-09 21:23:21.876 [SpringApplicationShutdownHook] INFO  com.zaxxer.hikari.HikariDataSource - HikariPool-1 - Shutdown initiated...
2025-07-09 21:23:21.882 [SpringApplicationShutdownHook] INFO  com.zaxxer.hikari.HikariDataSource - HikariPool-1 - Shutdown completed.
2025-07-09 22:00:19.309 [main] INFO  com.debuff.debuffbackend.DeBuffBackendApplication - Starting DeBuffBackendApplication using Java 21.0.7 with PID 6468 (D:\Project\Java\DeBuff-Backend\deBuff-backend\target\classes started by m1822 in D:\Project\Java\DeBuff-Backend\deBuff-backend)
2025-07-09 22:00:19.310 [main] DEBUG com.debuff.debuffbackend.DeBuffBackendApplication - Running with Spring Boot v3.5.3, Spring v6.2.8
2025-07-09 22:00:19.311 [main] INFO  com.debuff.debuffbackend.DeBuffBackendApplication - No active profile set, falling back to 1 default profile: "default"
2025-07-09 22:00:20.394 [main] INFO  org.apache.coyote.http11.Http11NioProtocol - Initializing ProtocolHandler ["http-nio-8080"]
2025-07-09 22:00:20.396 [main] INFO  org.apache.catalina.core.StandardService - Starting service [Tomcat]
2025-07-09 22:00:20.396 [main] INFO  org.apache.catalina.core.StandardEngine - Starting Servlet engine: [Apache Tomcat/10.1.42]
2025-07-09 22:00:20.449 [main] INFO  o.a.c.core.ContainerBase.[Tomcat].[localhost].[/] - Initializing Spring embedded WebApplicationContext
2025-07-09 22:00:20.597 [main] INFO  org.hibernate.jpa.internal.util.LogHelper - HHH000204: Processing PersistenceUnitInfo [name: default]
2025-07-09 22:00:20.666 [main] INFO  org.hibernate.Version - HHH000412: Hibernate ORM core version 6.6.18.Final
2025-07-09 22:00:20.699 [main] INFO  o.hibernate.cache.internal.RegionFactoryInitiator - HHH000026: Second-level cache disabled
2025-07-09 22:00:20.991 [main] INFO  com.zaxxer.hikari.HikariDataSource - HikariPool-1 - Starting...
2025-07-09 22:00:21.120 [main] INFO  com.zaxxer.hikari.pool.HikariPool - HikariPool-1 - Added connection com.mysql.cj.jdbc.ConnectionImpl@2e159116
2025-07-09 22:00:21.121 [main] INFO  com.zaxxer.hikari.HikariDataSource - HikariPool-1 - Start completed.
2025-07-09 22:00:21.162 [main] WARN  org.hibernate.orm.deprecation - HHH90000025: MySQL8Dialect does not need to be specified explicitly using 'hibernate.dialect' (remove the property setting and it will be selected by default)
2025-07-09 22:00:21.163 [main] WARN  org.hibernate.orm.deprecation - HHH90000026: MySQL8Dialect has been deprecated; use org.hibernate.dialect.MySQLDialect instead
2025-07-09 22:00:21.177 [main] INFO  org.hibernate.orm.connections.pooling - HHH10001005: Database info:
	Database JDBC URL [Connecting through datasource 'HikariDataSource (HikariPool-1)']
	Database driver: undefined/unknown
	Database version: 8.0
	Autocommit mode: undefined/unknown
	Isolation level: undefined/unknown
	Minimum pool size: undefined/unknown
	Maximum pool size: undefined/unknown
2025-07-09 22:00:21.462 [main] INFO  o.h.e.t.jta.platform.internal.JtaPlatformInitiator - HHH000489: No JTA platform available (set 'hibernate.transaction.jta.platform' to enable JTA platform integration)
2025-07-09 22:00:22.168 [main] WARN  o.s.b.a.o.j.JpaBaseConfiguration$JpaWebConfiguration - spring.jpa.open-in-view is enabled by default. Therefore, database queries may be performed during view rendering. Explicitly configure spring.jpa.open-in-view to disable this warning
2025-07-09 22:00:22.399 [main] WARN  o.s.b.a.t.ThymeleafAutoConfiguration$DefaultTemplateResolverConfiguration - Cannot find template location: classpath:/templates/ (please add some templates, check your Thymeleaf configuration, or set spring.thymeleaf.check-template-location=false)
2025-07-09 22:00:22.558 [main] INFO  com.debuff.debuffbackend.DeBuffBackendApplication - Started DeBuffBackendApplication in 3.788 seconds (process running for 4.439)
2025-07-09 22:00:22.568 [SpringApplicationShutdownHook] INFO  com.zaxxer.hikari.HikariDataSource - HikariPool-1 - Shutdown initiated...
2025-07-09 22:00:22.581 [SpringApplicationShutdownHook] INFO  com.zaxxer.hikari.HikariDataSource - HikariPool-1 - Shutdown completed.
2025-07-09 23:00:50.399 [main] INFO  com.debuff.debuffbackend.DeBuffBackendApplication - Starting DeBuffBackendApplication using Java 21.0.7 with PID 19500 (D:\Project\Java\DeBuff-Backend\deBuff-backend\target\classes started by m1822 in D:\Project\Java\DeBuff-Backend\deBuff-backend)
2025-07-09 23:00:50.400 [main] DEBUG com.debuff.debuffbackend.DeBuffBackendApplication - Running with Spring Boot v3.5.3, Spring v6.2.8
2025-07-09 23:00:50.401 [main] INFO  com.debuff.debuffbackend.DeBuffBackendApplication - No active profile set, falling back to 1 default profile: "default"
2025-07-09 23:00:51.574 [main] INFO  org.apache.coyote.http11.Http11NioProtocol - Initializing ProtocolHandler ["http-nio-8080"]
2025-07-09 23:00:51.575 [main] INFO  org.apache.catalina.core.StandardService - Starting service [Tomcat]
2025-07-09 23:00:51.575 [main] INFO  org.apache.catalina.core.StandardEngine - Starting Servlet engine: [Apache Tomcat/10.1.42]
2025-07-09 23:00:51.629 [main] INFO  o.a.c.core.ContainerBase.[Tomcat].[localhost].[/] - Initializing Spring embedded WebApplicationContext
2025-07-09 23:00:51.827 [main] INFO  org.hibernate.jpa.internal.util.LogHelper - HHH000204: Processing PersistenceUnitInfo [name: default]
2025-07-09 23:00:51.906 [main] INFO  org.hibernate.Version - HHH000412: Hibernate ORM core version 6.6.18.Final
2025-07-09 23:00:51.945 [main] INFO  o.hibernate.cache.internal.RegionFactoryInitiator - HHH000026: Second-level cache disabled
2025-07-09 23:00:52.238 [main] INFO  com.zaxxer.hikari.HikariDataSource - HikariPool-1 - Starting...
2025-07-09 23:00:52.373 [main] INFO  com.zaxxer.hikari.pool.HikariPool - HikariPool-1 - Added connection com.mysql.cj.jdbc.ConnectionImpl@218df7d6
2025-07-09 23:00:52.374 [main] INFO  com.zaxxer.hikari.HikariDataSource - HikariPool-1 - Start completed.
2025-07-09 23:00:52.410 [main] WARN  org.hibernate.orm.deprecation - HHH90000025: MySQL8Dialect does not need to be specified explicitly using 'hibernate.dialect' (remove the property setting and it will be selected by default)
2025-07-09 23:00:52.411 [main] WARN  org.hibernate.orm.deprecation - HHH90000026: MySQL8Dialect has been deprecated; use org.hibernate.dialect.MySQLDialect instead
2025-07-09 23:00:52.426 [main] INFO  org.hibernate.orm.connections.pooling - HHH10001005: Database info:
	Database JDBC URL [Connecting through datasource 'HikariDataSource (HikariPool-1)']
	Database driver: undefined/unknown
	Database version: 8.0
	Autocommit mode: undefined/unknown
	Isolation level: undefined/unknown
	Minimum pool size: undefined/unknown
	Maximum pool size: undefined/unknown
2025-07-09 23:00:52.713 [main] INFO  o.h.e.t.jta.platform.internal.JtaPlatformInitiator - HHH000489: No JTA platform available (set 'hibernate.transaction.jta.platform' to enable JTA platform integration)
2025-07-09 23:00:53.422 [main] WARN  o.s.b.a.o.j.JpaBaseConfiguration$JpaWebConfiguration - spring.jpa.open-in-view is enabled by default. Therefore, database queries may be performed during view rendering. Explicitly configure spring.jpa.open-in-view to disable this warning
2025-07-09 23:00:53.616 [main] WARN  o.s.b.a.t.ThymeleafAutoConfiguration$DefaultTemplateResolverConfiguration - Cannot find template location: classpath:/templates/ (please add some templates, check your Thymeleaf configuration, or set spring.thymeleaf.check-template-location=false)
2025-07-09 23:00:53.707 [main] WARN  o.s.b.w.s.c.AnnotationConfigServletWebServerApplicationContext - Exception encountered during context initialization - cancelling refresh attempt: org.springframework.beans.factory.BeanCreationException: Error creating bean with name 'clientHttpRequestFactoryBuilder' defined in class path resource [org/springframework/boot/autoconfigure/http/client/HttpClientAutoConfiguration.class]: Failed to instantiate [org.springframework.boot.http.client.ClientHttpRequestFactoryBuilder]: Factory method 'clientHttpRequestFactoryBuilder' threw exception with message: org/apache/hc/client5/http/ssl/TlsSocketStrategy
2025-07-09 23:00:53.711 [main] INFO  com.zaxxer.hikari.HikariDataSource - HikariPool-1 - Shutdown initiated...
2025-07-09 23:00:53.719 [main] INFO  com.zaxxer.hikari.HikariDataSource - HikariPool-1 - Shutdown completed.
2025-07-09 23:00:53.721 [main] INFO  org.apache.catalina.core.StandardService - Stopping service [Tomcat]
2025-07-09 23:00:53.743 [main] ERROR org.springframework.boot.SpringApplication - Application run failed
org.springframework.beans.factory.BeanCreationException: Error creating bean with name 'clientHttpRequestFactoryBuilder' defined in class path resource [org/springframework/boot/autoconfigure/http/client/HttpClientAutoConfiguration.class]: Failed to instantiate [org.springframework.boot.http.client.ClientHttpRequestFactoryBuilder]: Factory method 'clientHttpRequestFactoryBuilder' threw exception with message: org/apache/hc/client5/http/ssl/TlsSocketStrategy
	at org.springframework.beans.factory.support.ConstructorResolver.instantiate(ConstructorResolver.java:657)
	at org.springframework.beans.factory.support.ConstructorResolver.instantiateUsingFactoryMethod(ConstructorResolver.java:645)
	at org.springframework.beans.factory.support.AbstractAutowireCapableBeanFactory.instantiateUsingFactoryMethod(AbstractAutowireCapableBeanFactory.java:1375)
	at org.springframework.beans.factory.support.AbstractAutowireCapableBeanFactory.createBeanInstance(AbstractAutowireCapableBeanFactory.java:1205)
	at org.springframework.beans.factory.support.AbstractAutowireCapableBeanFactory.doCreateBean(AbstractAutowireCapableBeanFactory.java:569)
	at org.springframework.beans.factory.support.AbstractAutowireCapableBeanFactory.createBean(AbstractAutowireCapableBeanFactory.java:529)
	at org.springframework.beans.factory.support.AbstractBeanFactory.lambda$doGetBean$0(AbstractBeanFactory.java:339)
	at org.springframework.beans.factory.support.DefaultSingletonBeanRegistry.getSingleton(DefaultSingletonBeanRegistry.java:373)
	at org.springframework.beans.factory.support.AbstractBeanFactory.doGetBean(AbstractBeanFactory.java:337)
	at org.springframework.beans.factory.support.AbstractBeanFactory.getBean(AbstractBeanFactory.java:202)
	at org.springframework.beans.factory.support.DefaultListableBeanFactory.instantiateSingleton(DefaultListableBeanFactory.java:1222)
	at org.springframework.beans.factory.support.DefaultListableBeanFactory.preInstantiateSingleton(DefaultListableBeanFactory.java:1188)
	at org.springframework.beans.factory.support.DefaultListableBeanFactory.preInstantiateSingletons(DefaultListableBeanFactory.java:1123)
	at org.springframework.context.support.AbstractApplicationContext.finishBeanFactoryInitialization(AbstractApplicationContext.java:987)
	at org.springframework.context.support.AbstractApplicationContext.refresh(AbstractApplicationContext.java:627)
	at org.springframework.boot.web.servlet.context.ServletWebServerApplicationContext.refresh(ServletWebServerApplicationContext.java:146)
	at org.springframework.boot.SpringApplication.refresh(SpringApplication.java:752)
	at org.springframework.boot.SpringApplication.refreshContext(SpringApplication.java:439)
	at org.springframework.boot.SpringApplication.run(SpringApplication.java:318)
	at org.springframework.boot.SpringApplication.run(SpringApplication.java:1361)
	at org.springframework.boot.SpringApplication.run(SpringApplication.java:1350)
	at com.debuff.debuffbackend.DeBuffBackendApplication.main(DeBuffBackendApplication.java:11)
Caused by: org.springframework.beans.BeanInstantiationException: Failed to instantiate [org.springframework.boot.http.client.ClientHttpRequestFactoryBuilder]: Factory method 'clientHttpRequestFactoryBuilder' threw exception with message: org/apache/hc/client5/http/ssl/TlsSocketStrategy
	at org.springframework.beans.factory.support.SimpleInstantiationStrategy.lambda$instantiate$0(SimpleInstantiationStrategy.java:199)
	at org.springframework.beans.factory.support.SimpleInstantiationStrategy.instantiateWithFactoryMethod(SimpleInstantiationStrategy.java:88)
	at org.springframework.beans.factory.support.SimpleInstantiationStrategy.instantiate(SimpleInstantiationStrategy.java:168)
	at org.springframework.beans.factory.support.ConstructorResolver.instantiate(ConstructorResolver.java:653)
	... 21 common frames omitted
Caused by: java.lang.NoClassDefFoundError: org/apache/hc/client5/http/ssl/TlsSocketStrategy
	at org.springframework.boot.http.client.HttpComponentsHttpClientBuilder.<init>(HttpComponentsHttpClientBuilder.java:60)
	at org.springframework.boot.http.client.HttpComponentsClientHttpRequestFactoryBuilder.<init>(HttpComponentsClientHttpRequestFactoryBuilder.java:52)
	at org.springframework.boot.http.client.ClientHttpRequestFactoryBuilder.httpComponents(ClientHttpRequestFactoryBuilder.java:97)
	at org.springframework.boot.http.client.ClientHttpRequestFactoryBuilder.detect(ClientHttpRequestFactoryBuilder.java:218)
	at org.springframework.boot.autoconfigure.http.client.ClientHttpRequestFactories.builder(ClientHttpRequestFactories.java:55)
	at org.springframework.boot.autoconfigure.http.client.HttpClientAutoConfiguration.clientHttpRequestFactoryBuilder(HttpClientAutoConfiguration.java:68)
	at java.base/jdk.internal.reflect.DirectMethodHandleAccessor.invoke(DirectMethodHandleAccessor.java:103)
	at java.base/java.lang.reflect.Method.invoke(Method.java:580)
	at org.springframework.beans.factory.support.SimpleInstantiationStrategy.lambda$instantiate$0(SimpleInstantiationStrategy.java:171)
	... 24 common frames omitted
Caused by: java.lang.ClassNotFoundException: org.apache.hc.client5.http.ssl.TlsSocketStrategy
	at java.base/jdk.internal.loader.BuiltinClassLoader.loadClass(BuiltinClassLoader.java:641)
	at java.base/jdk.internal.loader.ClassLoaders$AppClassLoader.loadClass(ClassLoaders.java:188)
	at java.base/java.lang.ClassLoader.loadClass(ClassLoader.java:526)
	... 33 common frames omitted
2025-07-09 23:02:45.582 [main] INFO  com.debuff.debuffbackend.DeBuffBackendApplication - Starting DeBuffBackendApplication using Java 21.0.7 with PID 3428 (D:\Project\Java\DeBuff-Backend\deBuff-backend\target\classes started by m1822 in D:\Project\Java\DeBuff-Backend\deBuff-backend)
2025-07-09 23:02:45.583 [main] DEBUG com.debuff.debuffbackend.DeBuffBackendApplication - Running with Spring Boot v3.5.3, Spring v6.2.8
2025-07-09 23:02:45.584 [main] INFO  com.debuff.debuffbackend.DeBuffBackendApplication - No active profile set, falling back to 1 default profile: "default"
2025-07-09 23:02:46.567 [main] INFO  org.apache.coyote.http11.Http11NioProtocol - Initializing ProtocolHandler ["http-nio-8080"]
2025-07-09 23:02:46.569 [main] INFO  org.apache.catalina.core.StandardService - Starting service [Tomcat]
2025-07-09 23:02:46.569 [main] INFO  org.apache.catalina.core.StandardEngine - Starting Servlet engine: [Apache Tomcat/10.1.42]
2025-07-09 23:02:46.613 [main] INFO  o.a.c.core.ContainerBase.[Tomcat].[localhost].[/] - Initializing Spring embedded WebApplicationContext
2025-07-09 23:02:46.756 [main] INFO  org.hibernate.jpa.internal.util.LogHelper - HHH000204: Processing PersistenceUnitInfo [name: default]
2025-07-09 23:02:46.805 [main] INFO  org.hibernate.Version - HHH000412: Hibernate ORM core version 6.6.18.Final
2025-07-09 23:02:46.848 [main] INFO  o.hibernate.cache.internal.RegionFactoryInitiator - HHH000026: Second-level cache disabled
2025-07-09 23:02:47.128 [main] INFO  com.zaxxer.hikari.HikariDataSource - HikariPool-1 - Starting...
2025-07-09 23:02:47.247 [main] INFO  com.zaxxer.hikari.pool.HikariPool - HikariPool-1 - Added connection com.mysql.cj.jdbc.ConnectionImpl@1cc93da4
2025-07-09 23:02:47.248 [main] INFO  com.zaxxer.hikari.HikariDataSource - HikariPool-1 - Start completed.
2025-07-09 23:02:47.282 [main] WARN  org.hibernate.orm.deprecation - HHH90000025: MySQL8Dialect does not need to be specified explicitly using 'hibernate.dialect' (remove the property setting and it will be selected by default)
2025-07-09 23:02:47.283 [main] WARN  org.hibernate.orm.deprecation - HHH90000026: MySQL8Dialect has been deprecated; use org.hibernate.dialect.MySQLDialect instead
2025-07-09 23:02:47.296 [main] INFO  org.hibernate.orm.connections.pooling - HHH10001005: Database info:
	Database JDBC URL [Connecting through datasource 'HikariDataSource (HikariPool-1)']
	Database driver: undefined/unknown
	Database version: 8.0
	Autocommit mode: undefined/unknown
	Isolation level: undefined/unknown
	Minimum pool size: undefined/unknown
	Maximum pool size: undefined/unknown
2025-07-09 23:02:47.551 [main] INFO  o.h.e.t.jta.platform.internal.JtaPlatformInitiator - HHH000489: No JTA platform available (set 'hibernate.transaction.jta.platform' to enable JTA platform integration)
2025-07-09 23:02:48.233 [main] WARN  o.s.b.a.o.j.JpaBaseConfiguration$JpaWebConfiguration - spring.jpa.open-in-view is enabled by default. Therefore, database queries may be performed during view rendering. Explicitly configure spring.jpa.open-in-view to disable this warning
2025-07-09 23:02:48.409 [main] WARN  o.s.b.a.t.ThymeleafAutoConfiguration$DefaultTemplateResolverConfiguration - Cannot find template location: classpath:/templates/ (please add some templates, check your Thymeleaf configuration, or set spring.thymeleaf.check-template-location=false)
2025-07-09 23:02:48.493 [main] WARN  o.s.b.w.s.c.AnnotationConfigServletWebServerApplicationContext - Exception encountered during context initialization - cancelling refresh attempt: org.springframework.beans.factory.BeanCreationException: Error creating bean with name 'clientHttpRequestFactoryBuilder' defined in class path resource [org/springframework/boot/autoconfigure/http/client/HttpClientAutoConfiguration.class]: Failed to instantiate [org.springframework.boot.http.client.ClientHttpRequestFactoryBuilder]: Factory method 'clientHttpRequestFactoryBuilder' threw exception with message: org/apache/hc/client5/http/ssl/TlsSocketStrategy
2025-07-09 23:02:48.498 [main] INFO  com.zaxxer.hikari.HikariDataSource - HikariPool-1 - Shutdown initiated...
2025-07-09 23:02:48.504 [main] INFO  com.zaxxer.hikari.HikariDataSource - HikariPool-1 - Shutdown completed.
2025-07-09 23:02:48.505 [main] INFO  org.apache.catalina.core.StandardService - Stopping service [Tomcat]
2025-07-09 23:02:48.525 [main] ERROR org.springframework.boot.SpringApplication - Application run failed
org.springframework.beans.factory.BeanCreationException: Error creating bean with name 'clientHttpRequestFactoryBuilder' defined in class path resource [org/springframework/boot/autoconfigure/http/client/HttpClientAutoConfiguration.class]: Failed to instantiate [org.springframework.boot.http.client.ClientHttpRequestFactoryBuilder]: Factory method 'clientHttpRequestFactoryBuilder' threw exception with message: org/apache/hc/client5/http/ssl/TlsSocketStrategy
	at org.springframework.beans.factory.support.ConstructorResolver.instantiate(ConstructorResolver.java:657)
	at org.springframework.beans.factory.support.ConstructorResolver.instantiateUsingFactoryMethod(ConstructorResolver.java:645)
	at org.springframework.beans.factory.support.AbstractAutowireCapableBeanFactory.instantiateUsingFactoryMethod(AbstractAutowireCapableBeanFactory.java:1375)
	at org.springframework.beans.factory.support.AbstractAutowireCapableBeanFactory.createBeanInstance(AbstractAutowireCapableBeanFactory.java:1205)
	at org.springframework.beans.factory.support.AbstractAutowireCapableBeanFactory.doCreateBean(AbstractAutowireCapableBeanFactory.java:569)
	at org.springframework.beans.factory.support.AbstractAutowireCapableBeanFactory.createBean(AbstractAutowireCapableBeanFactory.java:529)
	at org.springframework.beans.factory.support.AbstractBeanFactory.lambda$doGetBean$0(AbstractBeanFactory.java:339)
	at org.springframework.beans.factory.support.DefaultSingletonBeanRegistry.getSingleton(DefaultSingletonBeanRegistry.java:373)
	at org.springframework.beans.factory.support.AbstractBeanFactory.doGetBean(AbstractBeanFactory.java:337)
	at org.springframework.beans.factory.support.AbstractBeanFactory.getBean(AbstractBeanFactory.java:202)
	at org.springframework.beans.factory.support.DefaultListableBeanFactory.instantiateSingleton(DefaultListableBeanFactory.java:1222)
	at org.springframework.beans.factory.support.DefaultListableBeanFactory.preInstantiateSingleton(DefaultListableBeanFactory.java:1188)
	at org.springframework.beans.factory.support.DefaultListableBeanFactory.preInstantiateSingletons(DefaultListableBeanFactory.java:1123)
	at org.springframework.context.support.AbstractApplicationContext.finishBeanFactoryInitialization(AbstractApplicationContext.java:987)
	at org.springframework.context.support.AbstractApplicationContext.refresh(AbstractApplicationContext.java:627)
	at org.springframework.boot.web.servlet.context.ServletWebServerApplicationContext.refresh(ServletWebServerApplicationContext.java:146)
	at org.springframework.boot.SpringApplication.refresh(SpringApplication.java:752)
	at org.springframework.boot.SpringApplication.refreshContext(SpringApplication.java:439)
	at org.springframework.boot.SpringApplication.run(SpringApplication.java:318)
	at org.springframework.boot.SpringApplication.run(SpringApplication.java:1361)
	at org.springframework.boot.SpringApplication.run(SpringApplication.java:1350)
	at com.debuff.debuffbackend.DeBuffBackendApplication.main(DeBuffBackendApplication.java:11)
Caused by: org.springframework.beans.BeanInstantiationException: Failed to instantiate [org.springframework.boot.http.client.ClientHttpRequestFactoryBuilder]: Factory method 'clientHttpRequestFactoryBuilder' threw exception with message: org/apache/hc/client5/http/ssl/TlsSocketStrategy
	at org.springframework.beans.factory.support.SimpleInstantiationStrategy.lambda$instantiate$0(SimpleInstantiationStrategy.java:199)
	at org.springframework.beans.factory.support.SimpleInstantiationStrategy.instantiateWithFactoryMethod(SimpleInstantiationStrategy.java:88)
	at org.springframework.beans.factory.support.SimpleInstantiationStrategy.instantiate(SimpleInstantiationStrategy.java:168)
	at org.springframework.beans.factory.support.ConstructorResolver.instantiate(ConstructorResolver.java:653)
	... 21 common frames omitted
Caused by: java.lang.NoClassDefFoundError: org/apache/hc/client5/http/ssl/TlsSocketStrategy
	at org.springframework.boot.http.client.HttpComponentsHttpClientBuilder.<init>(HttpComponentsHttpClientBuilder.java:60)
	at org.springframework.boot.http.client.HttpComponentsClientHttpRequestFactoryBuilder.<init>(HttpComponentsClientHttpRequestFactoryBuilder.java:52)
	at org.springframework.boot.http.client.ClientHttpRequestFactoryBuilder.httpComponents(ClientHttpRequestFactoryBuilder.java:97)
	at org.springframework.boot.http.client.ClientHttpRequestFactoryBuilder.detect(ClientHttpRequestFactoryBuilder.java:218)
	at org.springframework.boot.autoconfigure.http.client.ClientHttpRequestFactories.builder(ClientHttpRequestFactories.java:55)
	at org.springframework.boot.autoconfigure.http.client.HttpClientAutoConfiguration.clientHttpRequestFactoryBuilder(HttpClientAutoConfiguration.java:68)
	at java.base/jdk.internal.reflect.DirectMethodHandleAccessor.invoke(DirectMethodHandleAccessor.java:103)
	at java.base/java.lang.reflect.Method.invoke(Method.java:580)
	at org.springframework.beans.factory.support.SimpleInstantiationStrategy.lambda$instantiate$0(SimpleInstantiationStrategy.java:171)
	... 24 common frames omitted
Caused by: java.lang.ClassNotFoundException: org.apache.hc.client5.http.ssl.TlsSocketStrategy
	at java.base/jdk.internal.loader.BuiltinClassLoader.loadClass(BuiltinClassLoader.java:641)
	at java.base/jdk.internal.loader.ClassLoaders$AppClassLoader.loadClass(ClassLoaders.java:188)
	at java.base/java.lang.ClassLoader.loadClass(ClassLoader.java:526)
	... 33 common frames omitted
2025-07-09 23:10:50.496 [main] INFO  com.debuff.debuffbackend.DeBuffBackendApplication - Starting DeBuffBackendApplication using Java 21.0.7 with PID 17420 (D:\Project\Java\DeBuff-Backend\deBuff-backend\target\classes started by m1822 in D:\Project\Java\DeBuff-Backend\deBuff-backend)
2025-07-09 23:10:50.498 [main] DEBUG com.debuff.debuffbackend.DeBuffBackendApplication - Running with Spring Boot v3.5.3, Spring v6.2.8
2025-07-09 23:10:50.498 [main] INFO  com.debuff.debuffbackend.DeBuffBackendApplication - No active profile set, falling back to 1 default profile: "default"
2025-07-09 23:10:51.478 [main] INFO  org.apache.coyote.http11.Http11NioProtocol - Initializing ProtocolHandler ["http-nio-8080"]
2025-07-09 23:10:51.479 [main] INFO  org.apache.catalina.core.StandardService - Starting service [Tomcat]
2025-07-09 23:10:51.479 [main] INFO  org.apache.catalina.core.StandardEngine - Starting Servlet engine: [Apache Tomcat/10.1.42]
2025-07-09 23:10:51.526 [main] INFO  o.a.c.core.ContainerBase.[Tomcat].[localhost].[/] - Initializing Spring embedded WebApplicationContext
2025-07-09 23:10:51.667 [main] INFO  org.hibernate.jpa.internal.util.LogHelper - HHH000204: Processing PersistenceUnitInfo [name: default]
2025-07-09 23:10:51.747 [main] INFO  org.hibernate.Version - HHH000412: Hibernate ORM core version 6.6.18.Final
2025-07-09 23:10:51.783 [main] INFO  o.hibernate.cache.internal.RegionFactoryInitiator - HHH000026: Second-level cache disabled
2025-07-09 23:10:52.081 [main] INFO  com.zaxxer.hikari.HikariDataSource - HikariPool-1 - Starting...
2025-07-09 23:10:52.209 [main] INFO  com.zaxxer.hikari.pool.HikariPool - HikariPool-1 - Added connection com.mysql.cj.jdbc.ConnectionImpl@35e689a0
2025-07-09 23:10:52.210 [main] INFO  com.zaxxer.hikari.HikariDataSource - HikariPool-1 - Start completed.
2025-07-09 23:10:52.247 [main] WARN  org.hibernate.orm.deprecation - HHH90000025: MySQL8Dialect does not need to be specified explicitly using 'hibernate.dialect' (remove the property setting and it will be selected by default)
2025-07-09 23:10:52.249 [main] WARN  org.hibernate.orm.deprecation - HHH90000026: MySQL8Dialect has been deprecated; use org.hibernate.dialect.MySQLDialect instead
2025-07-09 23:10:52.262 [main] INFO  org.hibernate.orm.connections.pooling - HHH10001005: Database info:
	Database JDBC URL [Connecting through datasource 'HikariDataSource (HikariPool-1)']
	Database driver: undefined/unknown
	Database version: 8.0
	Autocommit mode: undefined/unknown
	Isolation level: undefined/unknown
	Minimum pool size: undefined/unknown
	Maximum pool size: undefined/unknown
2025-07-09 23:10:52.545 [main] INFO  o.h.e.t.jta.platform.internal.JtaPlatformInitiator - HHH000489: No JTA platform available (set 'hibernate.transaction.jta.platform' to enable JTA platform integration)
2025-07-09 23:10:53.227 [main] WARN  o.s.b.a.o.j.JpaBaseConfiguration$JpaWebConfiguration - spring.jpa.open-in-view is enabled by default. Therefore, database queries may be performed during view rendering. Explicitly configure spring.jpa.open-in-view to disable this warning
2025-07-09 23:10:53.420 [main] WARN  o.s.b.a.t.ThymeleafAutoConfiguration$DefaultTemplateResolverConfiguration - Cannot find template location: classpath:/templates/ (please add some templates, check your Thymeleaf configuration, or set spring.thymeleaf.check-template-location=false)
2025-07-09 23:10:53.582 [main] INFO  org.apache.coyote.http11.Http11NioProtocol - Starting ProtocolHandler ["http-nio-8080"]
2025-07-09 23:10:53.606 [main] INFO  com.debuff.debuffbackend.DeBuffBackendApplication - Started DeBuffBackendApplication in 3.641 seconds (process running for 4.248)
2025-07-09 23:10:56.827 [SpringApplicationShutdownHook] INFO  com.zaxxer.hikari.HikariDataSource - HikariPool-1 - Shutdown initiated...
2025-07-09 23:10:56.833 [SpringApplicationShutdownHook] INFO  com.zaxxer.hikari.HikariDataSource - HikariPool-1 - Shutdown completed.
2025-07-09 23:11:03.151 [main] INFO  com.debuff.debuffbackend.DeBuffBackendApplication - Starting DeBuffBackendApplication using Java 21.0.7 with PID 19616 (D:\Project\Java\DeBuff-Backend\deBuff-backend\target\classes started by m1822 in D:\Project\Java\DeBuff-Backend\deBuff-backend)
2025-07-09 23:11:03.153 [main] DEBUG com.debuff.debuffbackend.DeBuffBackendApplication - Running with Spring Boot v3.5.3, Spring v6.2.8
2025-07-09 23:11:03.154 [main] INFO  com.debuff.debuffbackend.DeBuffBackendApplication - No active profile set, falling back to 1 default profile: "default"
2025-07-09 23:11:04.066 [main] INFO  org.apache.coyote.http11.Http11NioProtocol - Initializing ProtocolHandler ["http-nio-8080"]
2025-07-09 23:11:04.067 [main] INFO  org.apache.catalina.core.StandardService - Starting service [Tomcat]
2025-07-09 23:11:04.067 [main] INFO  org.apache.catalina.core.StandardEngine - Starting Servlet engine: [Apache Tomcat/10.1.42]
2025-07-09 23:11:04.117 [main] INFO  o.a.c.core.ContainerBase.[Tomcat].[localhost].[/] - Initializing Spring embedded WebApplicationContext
2025-07-09 23:11:04.239 [main] INFO  org.hibernate.jpa.internal.util.LogHelper - HHH000204: Processing PersistenceUnitInfo [name: default]
2025-07-09 23:11:04.282 [main] INFO  org.hibernate.Version - HHH000412: Hibernate ORM core version 6.6.18.Final
2025-07-09 23:11:04.312 [main] INFO  o.hibernate.cache.internal.RegionFactoryInitiator - HHH000026: Second-level cache disabled
2025-07-09 23:11:04.572 [main] INFO  com.zaxxer.hikari.HikariDataSource - HikariPool-1 - Starting...
2025-07-09 23:11:04.693 [main] INFO  com.zaxxer.hikari.pool.HikariPool - HikariPool-1 - Added connection com.mysql.cj.jdbc.ConnectionImpl@1de08775
2025-07-09 23:11:04.694 [main] INFO  com.zaxxer.hikari.HikariDataSource - HikariPool-1 - Start completed.
2025-07-09 23:11:04.727 [main] WARN  org.hibernate.orm.deprecation - HHH90000025: MySQL8Dialect does not need to be specified explicitly using 'hibernate.dialect' (remove the property setting and it will be selected by default)
2025-07-09 23:11:04.727 [main] WARN  org.hibernate.orm.deprecation - HHH90000026: MySQL8Dialect has been deprecated; use org.hibernate.dialect.MySQLDialect instead
2025-07-09 23:11:04.740 [main] INFO  org.hibernate.orm.connections.pooling - HHH10001005: Database info:
	Database JDBC URL [Connecting through datasource 'HikariDataSource (HikariPool-1)']
	Database driver: undefined/unknown
	Database version: 8.0
	Autocommit mode: undefined/unknown
	Isolation level: undefined/unknown
	Minimum pool size: undefined/unknown
	Maximum pool size: undefined/unknown
2025-07-09 23:11:04.986 [main] INFO  o.h.e.t.jta.platform.internal.JtaPlatformInitiator - HHH000489: No JTA platform available (set 'hibernate.transaction.jta.platform' to enable JTA platform integration)
2025-07-09 23:11:05.660 [main] WARN  o.s.b.a.o.j.JpaBaseConfiguration$JpaWebConfiguration - spring.jpa.open-in-view is enabled by default. Therefore, database queries may be performed during view rendering. Explicitly configure spring.jpa.open-in-view to disable this warning
2025-07-09 23:11:05.833 [main] WARN  o.s.b.a.t.ThymeleafAutoConfiguration$DefaultTemplateResolverConfiguration - Cannot find template location: classpath:/templates/ (please add some templates, check your Thymeleaf configuration, or set spring.thymeleaf.check-template-location=false)
2025-07-09 23:11:05.972 [main] INFO  org.apache.coyote.http11.Http11NioProtocol - Starting ProtocolHandler ["http-nio-8080"]
2025-07-09 23:11:05.992 [main] INFO  com.debuff.debuffbackend.DeBuffBackendApplication - Started DeBuffBackendApplication in 3.343 seconds (process running for 3.851)
2025-07-09 23:11:06.383 [SpringApplicationShutdownHook] INFO  com.zaxxer.hikari.HikariDataSource - HikariPool-1 - Shutdown initiated...
2025-07-09 23:11:06.392 [SpringApplicationShutdownHook] INFO  com.zaxxer.hikari.HikariDataSource - HikariPool-1 - Shutdown completed.
2025-07-09 23:12:51.451 [main] INFO  com.debuff.debuffbackend.DeBuffBackendApplication - Starting DeBuffBackendApplication using Java 21.0.7 with PID 18516 (D:\Project\Java\DeBuff-Backend\deBuff-backend\target\classes started by m1822 in D:\Project\Java\DeBuff-Backend\deBuff-backend)
2025-07-09 23:12:51.452 [main] DEBUG com.debuff.debuffbackend.DeBuffBackendApplication - Running with Spring Boot v3.5.3, Spring v6.2.8
2025-07-09 23:12:51.452 [main] INFO  com.debuff.debuffbackend.DeBuffBackendApplication - No active profile set, falling back to 1 default profile: "default"
2025-07-09 23:12:52.445 [main] INFO  org.apache.coyote.http11.Http11NioProtocol - Initializing ProtocolHandler ["http-nio-8080"]
2025-07-09 23:12:52.446 [main] INFO  org.apache.catalina.core.StandardService - Starting service [Tomcat]
2025-07-09 23:12:52.447 [main] INFO  org.apache.catalina.core.StandardEngine - Starting Servlet engine: [Apache Tomcat/10.1.42]
2025-07-09 23:12:52.490 [main] INFO  o.a.c.core.ContainerBase.[Tomcat].[localhost].[/] - Initializing Spring embedded WebApplicationContext
2025-07-09 23:12:52.626 [main] INFO  org.hibernate.jpa.internal.util.LogHelper - HHH000204: Processing PersistenceUnitInfo [name: default]
2025-07-09 23:12:52.677 [main] INFO  org.hibernate.Version - HHH000412: Hibernate ORM core version 6.6.18.Final
2025-07-09 23:12:52.707 [main] INFO  o.hibernate.cache.internal.RegionFactoryInitiator - HHH000026: Second-level cache disabled
2025-07-09 23:12:52.964 [main] INFO  com.zaxxer.hikari.HikariDataSource - HikariPool-1 - Starting...
2025-07-09 23:12:53.086 [main] INFO  com.zaxxer.hikari.pool.HikariPool - HikariPool-1 - Added connection com.mysql.cj.jdbc.ConnectionImpl@2dbf2da
2025-07-09 23:12:53.087 [main] INFO  com.zaxxer.hikari.HikariDataSource - HikariPool-1 - Start completed.
2025-07-09 23:12:53.119 [main] WARN  org.hibernate.orm.deprecation - HHH90000025: MySQL8Dialect does not need to be specified explicitly using 'hibernate.dialect' (remove the property setting and it will be selected by default)
2025-07-09 23:12:53.120 [main] WARN  org.hibernate.orm.deprecation - HHH90000026: MySQL8Dialect has been deprecated; use org.hibernate.dialect.MySQLDialect instead
2025-07-09 23:12:53.133 [main] INFO  org.hibernate.orm.connections.pooling - HHH10001005: Database info:
	Database JDBC URL [Connecting through datasource 'HikariDataSource (HikariPool-1)']
	Database driver: undefined/unknown
	Database version: 8.0
	Autocommit mode: undefined/unknown
	Isolation level: undefined/unknown
	Minimum pool size: undefined/unknown
	Maximum pool size: undefined/unknown
2025-07-09 23:12:53.397 [main] INFO  o.h.e.t.jta.platform.internal.JtaPlatformInitiator - HHH000489: No JTA platform available (set 'hibernate.transaction.jta.platform' to enable JTA platform integration)
2025-07-09 23:12:54.079 [main] WARN  o.s.b.a.o.j.JpaBaseConfiguration$JpaWebConfiguration - spring.jpa.open-in-view is enabled by default. Therefore, database queries may be performed during view rendering. Explicitly configure spring.jpa.open-in-view to disable this warning
2025-07-09 23:12:54.264 [main] WARN  o.s.b.a.t.ThymeleafAutoConfiguration$DefaultTemplateResolverConfiguration - Cannot find template location: classpath:/templates/ (please add some templates, check your Thymeleaf configuration, or set spring.thymeleaf.check-template-location=false)
2025-07-09 23:12:54.417 [main] INFO  org.apache.coyote.http11.Http11NioProtocol - Starting ProtocolHandler ["http-nio-8080"]
2025-07-09 23:12:54.439 [main] INFO  com.debuff.debuffbackend.DeBuffBackendApplication - Started DeBuffBackendApplication in 3.505 seconds (process running for 4.046)
2025-07-09 23:13:10.955 [http-nio-8080-exec-1] INFO  o.a.c.core.ContainerBase.[Tomcat].[localhost].[/] - Initializing Spring DispatcherServlet 'dispatcherServlet'
2025-07-09 23:15:19.524 [SpringApplicationShutdownHook] INFO  com.zaxxer.hikari.HikariDataSource - HikariPool-1 - Shutdown initiated...
2025-07-09 23:15:19.530 [SpringApplicationShutdownHook] INFO  com.zaxxer.hikari.HikariDataSource - HikariPool-1 - Shutdown completed.
2025-07-09 23:15:21.467 [main] INFO  com.debuff.debuffbackend.DeBuffBackendApplication - Starting DeBuffBackendApplication using Java 21.0.7 with PID 21260 (D:\Project\Java\DeBuff-Backend\deBuff-backend\target\classes started by m1822 in D:\Project\Java\DeBuff-Backend\deBuff-backend)
2025-07-09 23:15:21.467 [main] DEBUG com.debuff.debuffbackend.DeBuffBackendApplication - Running with Spring Boot v3.5.3, Spring v6.2.8
2025-07-09 23:15:21.467 [main] INFO  com.debuff.debuffbackend.DeBuffBackendApplication - No active profile set, falling back to 1 default profile: "default"
2025-07-09 23:15:22.451 [main] INFO  org.apache.coyote.http11.Http11NioProtocol - Initializing ProtocolHandler ["http-nio-8080"]
2025-07-09 23:15:22.453 [main] INFO  org.apache.catalina.core.StandardService - Starting service [Tomcat]
2025-07-09 23:15:22.453 [main] INFO  org.apache.catalina.core.StandardEngine - Starting Servlet engine: [Apache Tomcat/10.1.42]
2025-07-09 23:15:22.499 [main] INFO  o.a.c.core.ContainerBase.[Tomcat].[localhost].[/] - Initializing Spring embedded WebApplicationContext
2025-07-09 23:15:22.623 [main] INFO  org.hibernate.jpa.internal.util.LogHelper - HHH000204: Processing PersistenceUnitInfo [name: default]
2025-07-09 23:15:22.667 [main] INFO  org.hibernate.Version - HHH000412: Hibernate ORM core version 6.6.18.Final
2025-07-09 23:15:22.695 [main] INFO  o.hibernate.cache.internal.RegionFactoryInitiator - HHH000026: Second-level cache disabled
2025-07-09 23:15:22.945 [main] INFO  com.zaxxer.hikari.HikariDataSource - HikariPool-1 - Starting...
2025-07-09 23:15:23.061 [main] INFO  com.zaxxer.hikari.pool.HikariPool - HikariPool-1 - Added connection com.mysql.cj.jdbc.ConnectionImpl@4a9bce99
2025-07-09 23:15:23.063 [main] INFO  com.zaxxer.hikari.HikariDataSource - HikariPool-1 - Start completed.
2025-07-09 23:15:23.094 [main] WARN  org.hibernate.orm.deprecation - HHH90000025: MySQL8Dialect does not need to be specified explicitly using 'hibernate.dialect' (remove the property setting and it will be selected by default)
2025-07-09 23:15:23.095 [main] WARN  org.hibernate.orm.deprecation - HHH90000026: MySQL8Dialect has been deprecated; use org.hibernate.dialect.MySQLDialect instead
2025-07-09 23:15:23.108 [main] INFO  org.hibernate.orm.connections.pooling - HHH10001005: Database info:
	Database JDBC URL [Connecting through datasource 'HikariDataSource (HikariPool-1)']
	Database driver: undefined/unknown
	Database version: 8.0
	Autocommit mode: undefined/unknown
	Isolation level: undefined/unknown
	Minimum pool size: undefined/unknown
	Maximum pool size: undefined/unknown
2025-07-09 23:15:23.359 [main] INFO  o.h.e.t.jta.platform.internal.JtaPlatformInitiator - HHH000489: No JTA platform available (set 'hibernate.transaction.jta.platform' to enable JTA platform integration)
2025-07-09 23:15:24.039 [main] WARN  o.s.b.a.o.j.JpaBaseConfiguration$JpaWebConfiguration - spring.jpa.open-in-view is enabled by default. Therefore, database queries may be performed during view rendering. Explicitly configure spring.jpa.open-in-view to disable this warning
2025-07-09 23:15:24.208 [main] WARN  o.s.b.a.t.ThymeleafAutoConfiguration$DefaultTemplateResolverConfiguration - Cannot find template location: classpath:/templates/ (please add some templates, check your Thymeleaf configuration, or set spring.thymeleaf.check-template-location=false)
2025-07-09 23:15:24.350 [main] INFO  org.apache.coyote.http11.Http11NioProtocol - Starting ProtocolHandler ["http-nio-8080"]
2025-07-09 23:15:24.373 [main] INFO  com.debuff.debuffbackend.DeBuffBackendApplication - Started DeBuffBackendApplication in 3.382 seconds (process running for 3.934)
2025-07-09 23:15:38.333 [http-nio-8080-exec-1] INFO  o.a.c.core.ContainerBase.[Tomcat].[localhost].[/] - Initializing Spring DispatcherServlet 'dispatcherServlet'
2025-07-09 23:22:08.250 [SpringApplicationShutdownHook] INFO  com.zaxxer.hikari.HikariDataSource - HikariPool-1 - Shutdown initiated...
2025-07-09 23:22:08.257 [SpringApplicationShutdownHook] INFO  com.zaxxer.hikari.HikariDataSource - HikariPool-1 - Shutdown completed.
2025-07-09 23:22:18.865 [main] INFO  com.debuff.debuffbackend.DeBuffBackendApplication - Starting DeBuffBackendApplication using Java 21.0.7 with PID 10744 (D:\Project\Java\DeBuff-Backend\deBuff-backend\target\classes started by m1822 in D:\Project\Java\DeBuff-Backend\deBuff-backend)
2025-07-09 23:22:18.865 [main] DEBUG com.debuff.debuffbackend.DeBuffBackendApplication - Running with Spring Boot v3.5.3, Spring v6.2.8
2025-07-09 23:22:18.865 [main] INFO  com.debuff.debuffbackend.DeBuffBackendApplication - No active profile set, falling back to 1 default profile: "default"
2025-07-09 23:22:20.252 [main] INFO  org.apache.coyote.http11.Http11NioProtocol - Initializing ProtocolHandler ["http-nio-8080"]
2025-07-09 23:22:20.253 [main] INFO  org.apache.catalina.core.StandardService - Starting service [Tomcat]
2025-07-09 23:22:20.254 [main] INFO  org.apache.catalina.core.StandardEngine - Starting Servlet engine: [Apache Tomcat/10.1.42]
2025-07-09 23:22:20.365 [main] INFO  o.a.c.core.ContainerBase.[Tomcat].[localhost].[/] - Initializing Spring embedded WebApplicationContext
2025-07-09 23:22:20.684 [main] INFO  org.hibernate.jpa.internal.util.LogHelper - HHH000204: Processing PersistenceUnitInfo [name: default]
2025-07-09 23:22:20.792 [main] INFO  org.hibernate.Version - HHH000412: Hibernate ORM core version 6.6.18.Final
2025-07-09 23:22:20.836 [main] INFO  o.hibernate.cache.internal.RegionFactoryInitiator - HHH000026: Second-level cache disabled
2025-07-09 23:22:21.221 [main] INFO  com.zaxxer.hikari.HikariDataSource - HikariPool-1 - Starting...
2025-07-09 23:22:21.371 [main] INFO  com.zaxxer.hikari.pool.HikariPool - HikariPool-1 - Added connection com.mysql.cj.jdbc.ConnectionImpl@5df64b2a
2025-07-09 23:22:21.371 [main] INFO  com.zaxxer.hikari.HikariDataSource - HikariPool-1 - Start completed.
2025-07-09 23:22:21.419 [main] WARN  org.hibernate.orm.deprecation - HHH90000025: MySQL8Dialect does not need to be specified explicitly using 'hibernate.dialect' (remove the property setting and it will be selected by default)
2025-07-09 23:22:21.419 [main] WARN  org.hibernate.orm.deprecation - HHH90000026: MySQL8Dialect has been deprecated; use org.hibernate.dialect.MySQLDialect instead
2025-07-09 23:22:21.439 [main] INFO  org.hibernate.orm.connections.pooling - HHH10001005: Database info:
	Database JDBC URL [Connecting through datasource 'HikariDataSource (HikariPool-1)']
	Database driver: undefined/unknown
	Database version: 8.0
	Autocommit mode: undefined/unknown
	Isolation level: undefined/unknown
	Minimum pool size: undefined/unknown
	Maximum pool size: undefined/unknown
2025-07-09 23:22:21.755 [main] INFO  o.h.e.t.jta.platform.internal.JtaPlatformInitiator - HHH000489: No JTA platform available (set 'hibernate.transaction.jta.platform' to enable JTA platform integration)
2025-07-09 23:22:22.574 [main] WARN  o.s.b.a.o.j.JpaBaseConfiguration$JpaWebConfiguration - spring.jpa.open-in-view is enabled by default. Therefore, database queries may be performed during view rendering. Explicitly configure spring.jpa.open-in-view to disable this warning
2025-07-09 23:22:22.765 [main] WARN  o.s.b.a.t.ThymeleafAutoConfiguration$DefaultTemplateResolverConfiguration - Cannot find template location: classpath:/templates/ (please add some templates, check your Thymeleaf configuration, or set spring.thymeleaf.check-template-location=false)
2025-07-09 23:22:22.919 [main] INFO  org.apache.coyote.http11.Http11NioProtocol - Starting ProtocolHandler ["http-nio-8080"]
2025-07-09 23:22:22.949 [main] INFO  com.debuff.debuffbackend.DeBuffBackendApplication - Started DeBuffBackendApplication in 4.76 seconds (process running for 5.468)
2025-07-09 23:23:39.604 [main] INFO  c.d.debuffbackend.DeBuffBackendApplicationTests - Starting DeBuffBackendApplicationTests using Java 17.0.14 with PID 18264 (started by m1822 in D:\Project\Java\DeBuff-Backend\deBuff-backend)
2025-07-09 23:23:39.604 [main] DEBUG c.d.debuffbackend.DeBuffBackendApplicationTests - Running with Spring Boot v3.5.3, Spring v6.2.8
2025-07-09 23:23:39.604 [main] INFO  c.d.debuffbackend.DeBuffBackendApplicationTests - No active profile set, falling back to 1 default profile: "default"
2025-07-09 23:23:40.939 [main] INFO  org.hibernate.jpa.internal.util.LogHelper - HHH000204: Processing PersistenceUnitInfo [name: default]
2025-07-09 23:23:40.992 [main] INFO  org.hibernate.Version - HHH000412: Hibernate ORM core version 6.6.18.Final
2025-07-09 23:23:41.031 [main] INFO  o.hibernate.cache.internal.RegionFactoryInitiator - HHH000026: Second-level cache disabled
2025-07-09 23:23:41.478 [main] INFO  com.zaxxer.hikari.HikariDataSource - HikariPool-1 - Starting...
2025-07-09 23:23:41.690 [main] INFO  com.zaxxer.hikari.pool.HikariPool - HikariPool-1 - Added connection com.mysql.cj.jdbc.ConnectionImpl@d1f23a0
2025-07-09 23:23:41.690 [main] INFO  com.zaxxer.hikari.HikariDataSource - HikariPool-1 - Start completed.
2025-07-09 23:23:41.737 [main] WARN  org.hibernate.orm.deprecation - HHH90000025: MySQL8Dialect does not need to be specified explicitly using 'hibernate.dialect' (remove the property setting and it will be selected by default)
2025-07-09 23:23:41.737 [main] WARN  org.hibernate.orm.deprecation - HHH90000026: MySQL8Dialect has been deprecated; use org.hibernate.dialect.MySQLDialect instead
2025-07-09 23:23:41.768 [main] INFO  org.hibernate.orm.connections.pooling - HHH10001005: Database info:
	Database JDBC URL [Connecting through datasource 'HikariDataSource (HikariPool-1)']
	Database driver: undefined/unknown
	Database version: 8.0
	Autocommit mode: undefined/unknown
	Isolation level: undefined/unknown
	Minimum pool size: undefined/unknown
	Maximum pool size: undefined/unknown
2025-07-09 23:23:42.063 [main] INFO  o.h.e.t.jta.platform.internal.JtaPlatformInitiator - HHH000489: No JTA platform available (set 'hibernate.transaction.jta.platform' to enable JTA platform integration)
2025-07-09 23:23:43.557 [main] WARN  o.s.b.a.o.j.JpaBaseConfiguration$JpaWebConfiguration - spring.jpa.open-in-view is enabled by default. Therefore, database queries may be performed during view rendering. Explicitly configure spring.jpa.open-in-view to disable this warning
2025-07-09 23:23:43.916 [main] WARN  o.s.b.a.t.ThymeleafAutoConfiguration$DefaultTemplateResolverConfiguration - Cannot find template location: classpath:/templates/ (please add some templates, check your Thymeleaf configuration, or set spring.thymeleaf.check-template-location=false)
2025-07-09 23:23:44.115 [main] INFO  c.d.debuffbackend.DeBuffBackendApplicationTests - Started DeBuffBackendApplicationTests in 4.898 seconds (process running for 6.576)
2025-07-09 23:23:45.147 [main] INFO  com.debuff.service.impl.SteamServiceImpl - SteamAPI: https://steamcommunity.com/inventory/76561198978607732/730/2?l=schinese
2025-07-09 23:23:45.156 [main] INFO  com.debuff.service.impl.SteamServiceImpl - SteamAPI: 76561198978607732: 10
2025-07-09 23:23:45.194 [main] INFO  com.debuff.service.impl.SteamServiceImpl - SteamAPI: https://steamcommunity.com/inventory/76561199643378611/730/2?l=schinese
2025-07-09 23:23:45.196 [main] INFO  com.debuff.service.impl.SteamServiceImpl - SteamAPI: 76561199643378611: 10
2025-07-09 23:23:45.208 [main] INFO  com.debuff.service.impl.SteamServiceImpl - SteamAPI: https://steamcommunity.com/inventory/76561199044940522/730/2?l=schinese
2025-07-09 23:23:45.211 [main] INFO  com.debuff.service.impl.SteamServiceImpl - SteamAPI: 76561199044940522: 10
2025-07-09 23:23:45.220 [main] INFO  com.debuff.service.impl.SteamServiceImpl - SteamAPI: https://steamcommunity.com/inventory/76561198978607732/730/2?l=schinese
2025-07-09 23:23:45.220 [main] ERROR com.debuff.service.impl.SteamServiceImpl - SteamAPI: 76561198978607732: 15
2025-07-09 23:23:45.314 [SpringApplicationShutdownHook] INFO  com.zaxxer.hikari.HikariDataSource - HikariPool-1 - Shutdown initiated...
2025-07-09 23:23:45.326 [SpringApplicationShutdownHook] INFO  com.zaxxer.hikari.HikariDataSource - HikariPool-1 - Shutdown completed.
2025-07-09 23:24:05.638 [SpringApplicationShutdownHook] INFO  com.zaxxer.hikari.HikariDataSource - HikariPool-1 - Shutdown initiated...
2025-07-09 23:24:05.652 [SpringApplicationShutdownHook] INFO  com.zaxxer.hikari.HikariDataSource - HikariPool-1 - Shutdown completed.
2025-07-09 23:24:13.666 [main] INFO  com.debuff.debuffbackend.DeBuffBackendApplication - Starting DeBuffBackendApplication using Java 21.0.7 with PID 10960 (D:\Project\Java\DeBuff-Backend\deBuff-backend\target\classes started by m1822 in D:\Project\Java\DeBuff-Backend\deBuff-backend)
2025-07-09 23:24:13.668 [main] DEBUG com.debuff.debuffbackend.DeBuffBackendApplication - Running with Spring Boot v3.5.3, Spring v6.2.8
2025-07-09 23:24:13.669 [main] INFO  com.debuff.debuffbackend.DeBuffBackendApplication - No active profile set, falling back to 1 default profile: "default"
2025-07-09 23:24:14.719 [main] INFO  org.apache.coyote.http11.Http11NioProtocol - Initializing ProtocolHandler ["http-nio-8080"]
2025-07-09 23:24:14.721 [main] INFO  org.apache.catalina.core.StandardService - Starting service [Tomcat]
2025-07-09 23:24:14.721 [main] INFO  org.apache.catalina.core.StandardEngine - Starting Servlet engine: [Apache Tomcat/10.1.42]
2025-07-09 23:24:14.767 [main] INFO  o.a.c.core.ContainerBase.[Tomcat].[localhost].[/] - Initializing Spring embedded WebApplicationContext
2025-07-09 23:24:14.900 [main] INFO  org.hibernate.jpa.internal.util.LogHelper - HHH000204: Processing PersistenceUnitInfo [name: default]
2025-07-09 23:24:14.951 [main] INFO  org.hibernate.Version - HHH000412: Hibernate ORM core version 6.6.18.Final
2025-07-09 23:24:14.982 [main] INFO  o.hibernate.cache.internal.RegionFactoryInitiator - HHH000026: Second-level cache disabled
2025-07-09 23:24:15.257 [main] INFO  com.zaxxer.hikari.HikariDataSource - HikariPool-1 - Starting...
2025-07-09 23:24:15.384 [main] INFO  com.zaxxer.hikari.pool.HikariPool - HikariPool-1 - Added connection com.mysql.cj.jdbc.ConnectionImpl@28bd5015
2025-07-09 23:24:15.385 [main] INFO  com.zaxxer.hikari.HikariDataSource - HikariPool-1 - Start completed.
2025-07-09 23:24:15.421 [main] WARN  org.hibernate.orm.deprecation - HHH90000025: MySQL8Dialect does not need to be specified explicitly using 'hibernate.dialect' (remove the property setting and it will be selected by default)
2025-07-09 23:24:15.422 [main] WARN  org.hibernate.orm.deprecation - HHH90000026: MySQL8Dialect has been deprecated; use org.hibernate.dialect.MySQLDialect instead
2025-07-09 23:24:15.436 [main] INFO  org.hibernate.orm.connections.pooling - HHH10001005: Database info:
	Database JDBC URL [Connecting through datasource 'HikariDataSource (HikariPool-1)']
	Database driver: undefined/unknown
	Database version: 8.0
	Autocommit mode: undefined/unknown
	Isolation level: undefined/unknown
	Minimum pool size: undefined/unknown
	Maximum pool size: undefined/unknown
2025-07-09 23:24:15.715 [main] INFO  o.h.e.t.jta.platform.internal.JtaPlatformInitiator - HHH000489: No JTA platform available (set 'hibernate.transaction.jta.platform' to enable JTA platform integration)
2025-07-09 23:24:16.456 [main] WARN  o.s.b.a.o.j.JpaBaseConfiguration$JpaWebConfiguration - spring.jpa.open-in-view is enabled by default. Therefore, database queries may be performed during view rendering. Explicitly configure spring.jpa.open-in-view to disable this warning
2025-07-09 23:24:16.643 [main] WARN  o.s.b.a.t.ThymeleafAutoConfiguration$DefaultTemplateResolverConfiguration - Cannot find template location: classpath:/templates/ (please add some templates, check your Thymeleaf configuration, or set spring.thymeleaf.check-template-location=false)
2025-07-09 23:24:16.800 [main] INFO  org.apache.coyote.http11.Http11NioProtocol - Starting ProtocolHandler ["http-nio-8080"]
2025-07-09 23:24:16.821 [main] INFO  com.debuff.debuffbackend.DeBuffBackendApplication - Started DeBuffBackendApplication in 3.686 seconds (process running for 4.489)
2025-07-09 23:24:30.166 [SpringApplicationShutdownHook] INFO  com.zaxxer.hikari.HikariDataSource - HikariPool-1 - Shutdown initiated...
2025-07-09 23:24:30.172 [SpringApplicationShutdownHook] INFO  com.zaxxer.hikari.HikariDataSource - HikariPool-1 - Shutdown completed.
2025-07-09 23:25:19.718 [main] INFO  c.d.debuffbackend.DeBuffBackendApplicationTests - Starting DeBuffBackendApplicationTests using Java 17.0.14 with PID 6600 (started by m1822 in D:\Project\Java\DeBuff-Backend\deBuff-backend)
2025-07-09 23:25:19.720 [main] DEBUG c.d.debuffbackend.DeBuffBackendApplicationTests - Running with Spring Boot v3.5.3, Spring v6.2.8
2025-07-09 23:25:19.721 [main] INFO  c.d.debuffbackend.DeBuffBackendApplicationTests - No active profile set, falling back to 1 default profile: "default"
2025-07-09 23:25:21.070 [main] INFO  org.hibernate.jpa.internal.util.LogHelper - HHH000204: Processing PersistenceUnitInfo [name: default]
2025-07-09 23:25:21.157 [main] INFO  org.hibernate.Version - HHH000412: Hibernate ORM core version 6.6.18.Final
2025-07-09 23:25:21.220 [main] INFO  o.hibernate.cache.internal.RegionFactoryInitiator - HHH000026: Second-level cache disabled
2025-07-09 23:25:21.755 [main] INFO  com.zaxxer.hikari.HikariDataSource - HikariPool-1 - Starting...
2025-07-09 23:25:21.960 [main] INFO  com.zaxxer.hikari.pool.HikariPool - HikariPool-1 - Added connection com.mysql.cj.jdbc.ConnectionImpl@d1f23a0
2025-07-09 23:25:21.966 [main] INFO  com.zaxxer.hikari.HikariDataSource - HikariPool-1 - Start completed.
2025-07-09 23:25:22.005 [main] WARN  org.hibernate.orm.deprecation - HHH90000025: MySQL8Dialect does not need to be specified explicitly using 'hibernate.dialect' (remove the property setting and it will be selected by default)
2025-07-09 23:25:22.005 [main] WARN  org.hibernate.orm.deprecation - HHH90000026: MySQL8Dialect has been deprecated; use org.hibernate.dialect.MySQLDialect instead
2025-07-09 23:25:22.032 [main] INFO  org.hibernate.orm.connections.pooling - HHH10001005: Database info:
	Database JDBC URL [Connecting through datasource 'HikariDataSource (HikariPool-1)']
	Database driver: undefined/unknown
	Database version: 8.0
	Autocommit mode: undefined/unknown
	Isolation level: undefined/unknown
	Minimum pool size: undefined/unknown
	Maximum pool size: undefined/unknown
2025-07-09 23:25:22.361 [main] INFO  o.h.e.t.jta.platform.internal.JtaPlatformInitiator - HHH000489: No JTA platform available (set 'hibernate.transaction.jta.platform' to enable JTA platform integration)
2025-07-09 23:25:23.788 [main] WARN  o.s.b.a.o.j.JpaBaseConfiguration$JpaWebConfiguration - spring.jpa.open-in-view is enabled by default. Therefore, database queries may be performed during view rendering. Explicitly configure spring.jpa.open-in-view to disable this warning
2025-07-09 23:25:24.101 [main] WARN  o.s.b.a.t.ThymeleafAutoConfiguration$DefaultTemplateResolverConfiguration - Cannot find template location: classpath:/templates/ (please add some templates, check your Thymeleaf configuration, or set spring.thymeleaf.check-template-location=false)
2025-07-09 23:25:24.285 [main] INFO  c.d.debuffbackend.DeBuffBackendApplicationTests - Started DeBuffBackendApplicationTests in 4.978 seconds (process running for 5.92)
2025-07-09 23:25:25.181 [main] INFO  com.debuff.service.impl.SteamServiceImpl - SteamAPI: https://steamcommunity.com/inventory/76561198978607732/730/2?l=schinese
2025-07-09 23:25:25.181 [main] INFO  com.debuff.service.impl.SteamServiceImpl - SteamAPI: 76561198978607732: 10
2025-07-09 23:25:25.215 [main] INFO  com.debuff.service.impl.SteamServiceImpl - SteamAPI: https://steamcommunity.com/inventory/76561199643378611/730/2?l=schinese
2025-07-09 23:25:25.215 [main] INFO  com.debuff.service.impl.SteamServiceImpl - SteamAPI: 76561199643378611: 10
2025-07-09 23:25:25.235 [main] INFO  com.debuff.service.impl.SteamServiceImpl - SteamAPI: https://steamcommunity.com/inventory/76561199044940522/730/2?l=schinese
2025-07-09 23:25:25.235 [main] INFO  com.debuff.service.impl.SteamServiceImpl - SteamAPI: 76561199044940522: 10
2025-07-09 23:25:25.246 [main] INFO  com.debuff.service.impl.SteamServiceImpl - SteamAPI: https://steamcommunity.com/inventory/76561198978607732/730/2?l=schinese
2025-07-09 23:25:25.247 [main] ERROR com.debuff.service.impl.SteamServiceImpl - SteamAPI: 76561198978607732: 15
2025-07-09 23:25:25.297 [SpringApplicationShutdownHook] INFO  com.zaxxer.hikari.HikariDataSource - HikariPool-1 - Shutdown initiated...
2025-07-09 23:25:25.312 [SpringApplicationShutdownHook] INFO  com.zaxxer.hikari.HikariDataSource - HikariPool-1 - Shutdown completed.
2025-07-09 23:32:15.344 [main] INFO  c.d.debuffbackend.DeBuffBackendApplicationTests - Starting DeBuffBackendApplicationTests using Java 17.0.14 with PID 13252 (started by m1822 in D:\Project\Java\DeBuff-Backend\deBuff-backend)
2025-07-09 23:32:15.346 [main] DEBUG c.d.debuffbackend.DeBuffBackendApplicationTests - Running with Spring Boot v3.5.3, Spring v6.2.8
2025-07-09 23:32:15.348 [main] INFO  c.d.debuffbackend.DeBuffBackendApplicationTests - No active profile set, falling back to 1 default profile: "default"
2025-07-09 23:32:16.734 [main] INFO  org.hibernate.jpa.internal.util.LogHelper - HHH000204: Processing PersistenceUnitInfo [name: default]
2025-07-09 23:32:16.824 [main] INFO  org.hibernate.Version - HHH000412: Hibernate ORM core version 6.6.18.Final
2025-07-09 23:32:16.875 [main] INFO  o.hibernate.cache.internal.RegionFactoryInitiator - HHH000026: Second-level cache disabled
2025-07-09 23:32:17.325 [main] INFO  com.zaxxer.hikari.HikariDataSource - HikariPool-1 - Starting...
2025-07-09 23:32:17.521 [main] INFO  com.zaxxer.hikari.pool.HikariPool - HikariPool-1 - Added connection com.mysql.cj.jdbc.ConnectionImpl@35e689a0
2025-07-09 23:32:17.523 [main] INFO  com.zaxxer.hikari.HikariDataSource - HikariPool-1 - Start completed.
2025-07-09 23:32:17.586 [main] WARN  org.hibernate.orm.deprecation - HHH90000025: MySQL8Dialect does not need to be specified explicitly using 'hibernate.dialect' (remove the property setting and it will be selected by default)
2025-07-09 23:32:17.587 [main] WARN  org.hibernate.orm.deprecation - HHH90000026: MySQL8Dialect has been deprecated; use org.hibernate.dialect.MySQLDialect instead
2025-07-09 23:32:17.611 [main] INFO  org.hibernate.orm.connections.pooling - HHH10001005: Database info:
	Database JDBC URL [Connecting through datasource 'HikariDataSource (HikariPool-1)']
	Database driver: undefined/unknown
	Database version: 8.0
	Autocommit mode: undefined/unknown
	Isolation level: undefined/unknown
	Minimum pool size: undefined/unknown
	Maximum pool size: undefined/unknown
2025-07-09 23:32:18.336 [main] INFO  o.h.e.t.jta.platform.internal.JtaPlatformInitiator - HHH000489: No JTA platform available (set 'hibernate.transaction.jta.platform' to enable JTA platform integration)
2025-07-09 23:32:20.053 [main] WARN  o.s.b.a.o.j.JpaBaseConfiguration$JpaWebConfiguration - spring.jpa.open-in-view is enabled by default. Therefore, database queries may be performed during view rendering. Explicitly configure spring.jpa.open-in-view to disable this warning
2025-07-09 23:32:20.377 [main] WARN  o.s.b.a.t.ThymeleafAutoConfiguration$DefaultTemplateResolverConfiguration - Cannot find template location: classpath:/templates/ (please add some templates, check your Thymeleaf configuration, or set spring.thymeleaf.check-template-location=false)
2025-07-09 23:32:20.557 [main] INFO  c.d.debuffbackend.DeBuffBackendApplicationTests - Started DeBuffBackendApplicationTests in 5.595 seconds (process running for 6.553)
2025-07-09 23:32:21.506 [main] INFO  com.debuff.service.impl.SteamServiceImpl - SteamAPI: https://steamcommunity.com/inventory/76561198978607732/730/2?l=schinese
2025-07-09 23:32:21.515 [main] INFO  com.debuff.service.impl.SteamServiceImpl - SteamAPI: 76561198978607732: 10
2025-07-09 23:32:21.573 [main] INFO  com.debuff.service.impl.SteamServiceImpl - SteamAPI: https://steamcommunity.com/inventory/76561199643378611/730/2?l=schinese
2025-07-09 23:32:21.574 [main] INFO  com.debuff.service.impl.SteamServiceImpl - SteamAPI: 76561199643378611: 10
2025-07-09 23:32:21.586 [main] INFO  com.debuff.service.impl.SteamServiceImpl - SteamAPI: https://steamcommunity.com/inventory/76561199044940522/730/2?l=schinese
2025-07-09 23:32:21.589 [main] INFO  com.debuff.service.impl.SteamServiceImpl - SteamAPI: 76561199044940522: 10
2025-07-09 23:32:21.601 [main] INFO  com.debuff.service.impl.SteamServiceImpl - SteamAPI: https://steamcommunity.com/inventory/76561198978607732/730/2?l=schinese
2025-07-09 23:32:21.602 [main] ERROR com.debuff.service.impl.SteamServiceImpl - SteamAPI: 76561198978607732: 15
2025-07-09 23:32:21.674 [SpringApplicationShutdownHook] INFO  com.zaxxer.hikari.HikariDataSource - HikariPool-1 - Shutdown initiated...
2025-07-09 23:32:21.690 [SpringApplicationShutdownHook] INFO  com.zaxxer.hikari.HikariDataSource - HikariPool-1 - Shutdown completed.
2025-07-09 23:34:25.364 [main] INFO  c.d.debuffbackend.DeBuffBackendApplicationTests - Starting DeBuffBackendApplicationTests using Java 17.0.14 with PID 8708 (started by m1822 in D:\Project\Java\DeBuff-Backend\deBuff-backend)
2025-07-09 23:34:25.366 [main] DEBUG c.d.debuffbackend.DeBuffBackendApplicationTests - Running with Spring Boot v3.5.3, Spring v6.2.8
2025-07-09 23:34:25.367 [main] INFO  c.d.debuffbackend.DeBuffBackendApplicationTests - No active profile set, falling back to 1 default profile: "default"
2025-07-09 23:34:26.848 [main] INFO  org.hibernate.jpa.internal.util.LogHelper - HHH000204: Processing PersistenceUnitInfo [name: default]
2025-07-09 23:34:26.931 [main] INFO  org.hibernate.Version - HHH000412: Hibernate ORM core version 6.6.18.Final
2025-07-09 23:34:26.971 [main] INFO  o.hibernate.cache.internal.RegionFactoryInitiator - HHH000026: Second-level cache disabled
2025-07-09 23:34:27.477 [main] INFO  com.zaxxer.hikari.HikariDataSource - HikariPool-1 - Starting...
2025-07-09 23:34:27.658 [main] INFO  com.zaxxer.hikari.pool.HikariPool - HikariPool-1 - Added connection com.mysql.cj.jdbc.ConnectionImpl@17136390
2025-07-09 23:34:27.660 [main] INFO  com.zaxxer.hikari.HikariDataSource - HikariPool-1 - Start completed.
2025-07-09 23:34:27.697 [main] WARN  org.hibernate.orm.deprecation - HHH90000025: MySQL8Dialect does not need to be specified explicitly using 'hibernate.dialect' (remove the property setting and it will be selected by default)
2025-07-09 23:34:27.698 [main] WARN  org.hibernate.orm.deprecation - HHH90000026: MySQL8Dialect has been deprecated; use org.hibernate.dialect.MySQLDialect instead
2025-07-09 23:34:27.719 [main] INFO  org.hibernate.orm.connections.pooling - HHH10001005: Database info:
	Database JDBC URL [Connecting through datasource 'HikariDataSource (HikariPool-1)']
	Database driver: undefined/unknown
	Database version: 8.0
	Autocommit mode: undefined/unknown
	Isolation level: undefined/unknown
	Minimum pool size: undefined/unknown
	Maximum pool size: undefined/unknown
2025-07-09 23:34:28.031 [main] INFO  o.h.e.t.jta.platform.internal.JtaPlatformInitiator - HHH000489: No JTA platform available (set 'hibernate.transaction.jta.platform' to enable JTA platform integration)
2025-07-09 23:34:29.521 [main] WARN  o.s.b.a.o.j.JpaBaseConfiguration$JpaWebConfiguration - spring.jpa.open-in-view is enabled by default. Therefore, database queries may be performed during view rendering. Explicitly configure spring.jpa.open-in-view to disable this warning
2025-07-09 23:34:29.859 [main] WARN  o.s.b.a.t.ThymeleafAutoConfiguration$DefaultTemplateResolverConfiguration - Cannot find template location: classpath:/templates/ (please add some templates, check your Thymeleaf configuration, or set spring.thymeleaf.check-template-location=false)
2025-07-09 23:34:30.060 [main] INFO  c.d.debuffbackend.DeBuffBackendApplicationTests - Started DeBuffBackendApplicationTests in 5.066 seconds (process running for 6.044)
2025-07-09 23:34:31.027 [main] INFO  com.debuff.service.impl.SteamServiceImpl - SteamAPI: https://steamcommunity.com/inventory/76561198978607732/730/2?l=schinese
2025-07-09 23:34:31.035 [main] INFO  com.debuff.service.impl.SteamServiceImpl - SteamAPI: 76561198978607732: 10
2025-07-09 23:34:31.071 [main] INFO  com.debuff.service.impl.SteamServiceImpl - SteamAPI: https://steamcommunity.com/inventory/76561199643378611/730/2?l=schinese
2025-07-09 23:34:31.072 [main] INFO  com.debuff.service.impl.SteamServiceImpl - SteamAPI: 76561199643378611: 10
2025-07-09 23:34:31.082 [main] INFO  com.debuff.service.impl.SteamServiceImpl - SteamAPI: https://steamcommunity.com/inventory/76561199044940522/730/2?l=schinese
2025-07-09 23:34:31.084 [main] INFO  com.debuff.service.impl.SteamServiceImpl - SteamAPI: 76561199044940522: 10
2025-07-09 23:34:31.095 [main] INFO  com.debuff.service.impl.SteamServiceImpl - SteamAPI: https://steamcommunity.com/inventory/76561198978607732/730/2?l=schinese
2025-07-09 23:34:31.096 [main] ERROR com.debuff.service.impl.SteamServiceImpl - SteamAPI: 76561198978607732: 15
2025-07-09 23:34:31.147 [SpringApplicationShutdownHook] INFO  com.zaxxer.hikari.HikariDataSource - HikariPool-1 - Shutdown initiated...
2025-07-09 23:34:31.161 [SpringApplicationShutdownHook] INFO  com.zaxxer.hikari.HikariDataSource - HikariPool-1 - Shutdown completed.
2025-07-09 23:38:44.895 [main] INFO  c.d.debuffbackend.DeBuffBackendApplicationTests - Starting DeBuffBackendApplicationTests using Java 17.0.14 with PID 15124 (started by m1822 in D:\Project\Java\DeBuff-Backend\deBuff-backend)
2025-07-09 23:38:44.895 [main] DEBUG c.d.debuffbackend.DeBuffBackendApplicationTests - Running with Spring Boot v3.5.3, Spring v6.2.8
2025-07-09 23:38:44.897 [main] INFO  c.d.debuffbackend.DeBuffBackendApplicationTests - No active profile set, falling back to 1 default profile: "default"
2025-07-09 23:38:46.663 [main] INFO  org.hibernate.jpa.internal.util.LogHelper - HHH000204: Processing PersistenceUnitInfo [name: default]
2025-07-09 23:38:46.725 [main] INFO  org.hibernate.Version - HHH000412: Hibernate ORM core version 6.6.18.Final
2025-07-09 23:38:46.765 [main] INFO  o.hibernate.cache.internal.RegionFactoryInitiator - HHH000026: Second-level cache disabled
2025-07-09 23:38:47.199 [main] INFO  com.zaxxer.hikari.HikariDataSource - HikariPool-1 - Starting...
2025-07-09 23:38:47.377 [main] INFO  com.zaxxer.hikari.pool.HikariPool - HikariPool-1 - Added connection com.mysql.cj.jdbc.ConnectionImpl@2976ca51
2025-07-09 23:38:47.377 [main] INFO  com.zaxxer.hikari.HikariDataSource - HikariPool-1 - Start completed.
2025-07-09 23:38:47.430 [main] WARN  org.hibernate.orm.deprecation - HHH90000025: MySQL8Dialect does not need to be specified explicitly using 'hibernate.dialect' (remove the property setting and it will be selected by default)
2025-07-09 23:38:47.430 [main] WARN  org.hibernate.orm.deprecation - HHH90000026: MySQL8Dialect has been deprecated; use org.hibernate.dialect.MySQLDialect instead
2025-07-09 23:38:47.459 [main] INFO  org.hibernate.orm.connections.pooling - HHH10001005: Database info:
	Database JDBC URL [Connecting through datasource 'HikariDataSource (HikariPool-1)']
	Database driver: undefined/unknown
	Database version: 8.0
	Autocommit mode: undefined/unknown
	Isolation level: undefined/unknown
	Minimum pool size: undefined/unknown
	Maximum pool size: undefined/unknown
2025-07-09 23:38:47.760 [main] INFO  o.h.e.t.jta.platform.internal.JtaPlatformInitiator - HHH000489: No JTA platform available (set 'hibernate.transaction.jta.platform' to enable JTA platform integration)
2025-07-09 23:38:49.270 [main] WARN  o.s.b.a.o.j.JpaBaseConfiguration$JpaWebConfiguration - spring.jpa.open-in-view is enabled by default. Therefore, database queries may be performed during view rendering. Explicitly configure spring.jpa.open-in-view to disable this warning
2025-07-09 23:38:49.628 [main] WARN  o.s.b.a.t.ThymeleafAutoConfiguration$DefaultTemplateResolverConfiguration - Cannot find template location: classpath:/templates/ (please add some templates, check your Thymeleaf configuration, or set spring.thymeleaf.check-template-location=false)
2025-07-09 23:38:49.809 [main] INFO  c.d.debuffbackend.DeBuffBackendApplicationTests - Started DeBuffBackendApplicationTests in 5.294 seconds (process running for 6.333)
2025-07-09 23:38:50.708 [main] INFO  com.debuff.service.impl.SteamServiceImpl - SteamAPI: https://steamcommunity.com/inventory/76561198978607732/730/2?l=schinese
2025-07-09 23:38:50.721 [main] INFO  com.debuff.service.impl.SteamServiceImpl - SteamAPI: 76561198978607732: 10
2025-07-09 23:38:50.761 [main] INFO  com.debuff.service.impl.SteamServiceImpl - SteamAPI: https://steamcommunity.com/inventory/76561199643378611/730/2?l=schinese
2025-07-09 23:38:50.761 [main] INFO  com.debuff.service.impl.SteamServiceImpl - SteamAPI: 76561199643378611: 10
2025-07-09 23:38:50.773 [main] INFO  com.debuff.service.impl.SteamServiceImpl - SteamAPI: https://steamcommunity.com/inventory/76561199044940522/730/2?l=schinese
2025-07-09 23:38:50.773 [main] INFO  com.debuff.service.impl.SteamServiceImpl - SteamAPI: 76561199044940522: 10
2025-07-09 23:38:50.785 [main] INFO  com.debuff.service.impl.SteamServiceImpl - SteamAPI: https://steamcommunity.com/inventory/76561198978607732/730/2?l=schinese
2025-07-09 23:38:50.786 [main] ERROR com.debuff.service.impl.SteamServiceImpl - SteamAPI: 76561198978607732: 15
2025-07-09 23:38:50.835 [SpringApplicationShutdownHook] INFO  com.zaxxer.hikari.HikariDataSource - HikariPool-1 - Shutdown initiated...
2025-07-09 23:38:50.854 [SpringApplicationShutdownHook] INFO  com.zaxxer.hikari.HikariDataSource - HikariPool-1 - Shutdown completed.
2025-07-09 23:43:15.269 [main] INFO  c.d.debuffbackend.DeBuffBackendApplicationTests - Starting DeBuffBackendApplicationTests using Java 17.0.14 with PID 16568 (started by m1822 in D:\Project\Java\DeBuff-Backend\deBuff-backend)
2025-07-09 23:43:15.271 [main] DEBUG c.d.debuffbackend.DeBuffBackendApplicationTests - Running with Spring Boot v3.5.3, Spring v6.2.8
2025-07-09 23:43:15.272 [main] INFO  c.d.debuffbackend.DeBuffBackendApplicationTests - No active profile set, falling back to 1 default profile: "default"
2025-07-09 23:43:17.095 [main] INFO  org.hibernate.jpa.internal.util.LogHelper - HHH000204: Processing PersistenceUnitInfo [name: default]
2025-07-09 23:43:17.160 [main] INFO  org.hibernate.Version - HHH000412: Hibernate ORM core version 6.6.18.Final
2025-07-09 23:43:17.204 [main] INFO  o.hibernate.cache.internal.RegionFactoryInitiator - HHH000026: Second-level cache disabled
2025-07-09 23:43:17.647 [main] INFO  com.zaxxer.hikari.HikariDataSource - HikariPool-1 - Starting...
2025-07-09 23:43:17.808 [main] INFO  com.zaxxer.hikari.pool.HikariPool - HikariPool-1 - Added connection com.mysql.cj.jdbc.ConnectionImpl@43b6cb1c
2025-07-09 23:43:17.811 [main] INFO  com.zaxxer.hikari.HikariDataSource - HikariPool-1 - Start completed.
2025-07-09 23:43:17.852 [main] WARN  org.hibernate.orm.deprecation - HHH90000025: MySQL8Dialect does not need to be specified explicitly using 'hibernate.dialect' (remove the property setting and it will be selected by default)
2025-07-09 23:43:17.853 [main] WARN  org.hibernate.orm.deprecation - HHH90000026: MySQL8Dialect has been deprecated; use org.hibernate.dialect.MySQLDialect instead
2025-07-09 23:43:17.880 [main] INFO  org.hibernate.orm.connections.pooling - HHH10001005: Database info:
	Database JDBC URL [Connecting through datasource 'HikariDataSource (HikariPool-1)']
	Database driver: undefined/unknown
	Database version: 8.0
	Autocommit mode: undefined/unknown
	Isolation level: undefined/unknown
	Minimum pool size: undefined/unknown
	Maximum pool size: undefined/unknown
2025-07-09 23:43:18.269 [main] INFO  o.h.e.t.jta.platform.internal.JtaPlatformInitiator - HHH000489: No JTA platform available (set 'hibernate.transaction.jta.platform' to enable JTA platform integration)
2025-07-09 23:43:19.838 [main] WARN  o.s.b.a.o.j.JpaBaseConfiguration$JpaWebConfiguration - spring.jpa.open-in-view is enabled by default. Therefore, database queries may be performed during view rendering. Explicitly configure spring.jpa.open-in-view to disable this warning
2025-07-09 23:43:20.149 [main] WARN  o.s.b.a.t.ThymeleafAutoConfiguration$DefaultTemplateResolverConfiguration - Cannot find template location: classpath:/templates/ (please add some templates, check your Thymeleaf configuration, or set spring.thymeleaf.check-template-location=false)
2025-07-09 23:43:20.338 [main] INFO  c.d.debuffbackend.DeBuffBackendApplicationTests - Started DeBuffBackendApplicationTests in 5.477 seconds (process running for 6.461)
2025-07-09 23:43:21.307 [main] INFO  com.debuff.service.impl.SteamServiceImpl - SteamAPI: https://steamcommunity.com/inventory/76561198978607732/730/2?l=schinese
2025-07-09 23:43:21.314 [main] INFO  com.debuff.service.impl.SteamServiceImpl - SteamAPI: 76561198978607732: 10
2025-07-09 23:43:21.346 [main] INFO  com.debuff.service.impl.SteamServiceImpl - SteamAPI: https://steamcommunity.com/inventory/76561199643378611/730/2?l=schinese
2025-07-09 23:43:21.347 [main] INFO  com.debuff.service.impl.SteamServiceImpl - SteamAPI: 76561199643378611: 10
2025-07-09 23:43:21.354 [main] INFO  com.debuff.service.impl.SteamServiceImpl - SteamAPI: https://steamcommunity.com/inventory/76561199044940522/730/2?l=schinese
2025-07-09 23:43:21.355 [main] INFO  com.debuff.service.impl.SteamServiceImpl - SteamAPI: 76561199044940522: 10
2025-07-09 23:43:21.364 [main] INFO  com.debuff.service.impl.SteamServiceImpl - SteamAPI: https://steamcommunity.com/inventory/76561198978607732/730/2?l=schinese
2025-07-09 23:43:21.365 [main] ERROR com.debuff.service.impl.SteamServiceImpl - SteamAPI: 76561198978607732: 15
2025-07-09 23:43:21.428 [SpringApplicationShutdownHook] INFO  com.zaxxer.hikari.HikariDataSource - HikariPool-1 - Shutdown initiated...
2025-07-09 23:43:21.447 [SpringApplicationShutdownHook] INFO  com.zaxxer.hikari.HikariDataSource - HikariPool-1 - Shutdown completed.
2025-07-09 23:50:15.389 [main] INFO  c.d.debuffbackend.DeBuffBackendApplicationTests - Starting DeBuffBackendApplicationTests using Java 17.0.14 with PID 19156 (started by m1822 in D:\Project\Java\DeBuff-Backend\deBuff-backend)
2025-07-09 23:50:15.389 [main] DEBUG c.d.debuffbackend.DeBuffBackendApplicationTests - Running with Spring Boot v3.5.3, Spring v6.2.8
2025-07-09 23:50:15.389 [main] INFO  c.d.debuffbackend.DeBuffBackendApplicationTests - No active profile set, falling back to 1 default profile: "default"
2025-07-09 23:50:16.746 [main] INFO  org.hibernate.jpa.internal.util.LogHelper - HHH000204: Processing PersistenceUnitInfo [name: default]
2025-07-09 23:50:16.820 [main] INFO  org.hibernate.Version - HHH000412: Hibernate ORM core version 6.6.18.Final
2025-07-09 23:50:16.865 [main] INFO  o.hibernate.cache.internal.RegionFactoryInitiator - HHH000026: Second-level cache disabled
2025-07-09 23:50:17.306 [main] INFO  com.zaxxer.hikari.HikariDataSource - HikariPool-1 - Starting...
2025-07-09 23:50:17.491 [main] INFO  com.zaxxer.hikari.pool.HikariPool - HikariPool-1 - Added connection com.mysql.cj.jdbc.ConnectionImpl@d1f23a0
2025-07-09 23:50:17.491 [main] INFO  com.zaxxer.hikari.HikariDataSource - HikariPool-1 - Start completed.
2025-07-09 23:50:17.534 [main] WARN  org.hibernate.orm.deprecation - HHH90000025: MySQL8Dialect does not need to be specified explicitly using 'hibernate.dialect' (remove the property setting and it will be selected by default)
2025-07-09 23:50:17.534 [main] WARN  org.hibernate.orm.deprecation - HHH90000026: MySQL8Dialect has been deprecated; use org.hibernate.dialect.MySQLDialect instead
2025-07-09 23:50:17.560 [main] INFO  org.hibernate.orm.connections.pooling - HHH10001005: Database info:
	Database JDBC URL [Connecting through datasource 'HikariDataSource (HikariPool-1)']
	Database driver: undefined/unknown
	Database version: 8.0
	Autocommit mode: undefined/unknown
	Isolation level: undefined/unknown
	Minimum pool size: undefined/unknown
	Maximum pool size: undefined/unknown
2025-07-09 23:50:17.876 [main] INFO  o.h.e.t.jta.platform.internal.JtaPlatformInitiator - HHH000489: No JTA platform available (set 'hibernate.transaction.jta.platform' to enable JTA platform integration)
2025-07-09 23:50:19.304 [main] WARN  o.s.b.a.o.j.JpaBaseConfiguration$JpaWebConfiguration - spring.jpa.open-in-view is enabled by default. Therefore, database queries may be performed during view rendering. Explicitly configure spring.jpa.open-in-view to disable this warning
2025-07-09 23:50:19.675 [main] WARN  o.s.b.a.t.ThymeleafAutoConfiguration$DefaultTemplateResolverConfiguration - Cannot find template location: classpath:/templates/ (please add some templates, check your Thymeleaf configuration, or set spring.thymeleaf.check-template-location=false)
2025-07-09 23:50:19.917 [main] INFO  c.d.debuffbackend.DeBuffBackendApplicationTests - Started DeBuffBackendApplicationTests in 4.96 seconds (process running for 5.961)
2025-07-09 23:50:20.929 [main] INFO  com.debuff.service.impl.SteamServiceImpl - SteamAPI: https://steamcommunity.com/inventory/76561198978607732/730/2?l=schinese
2025-07-09 23:50:20.929 [main] INFO  com.debuff.service.impl.SteamServiceImpl - SteamAPI: 76561198978607732: 10
2025-07-09 23:50:20.981 [main] INFO  com.debuff.service.impl.SteamServiceImpl - SteamAPI: https://steamcommunity.com/inventory/76561199643378611/730/2?l=schinese
2025-07-09 23:50:20.983 [main] INFO  com.debuff.service.impl.SteamServiceImpl - SteamAPI: 76561199643378611: 10
2025-07-09 23:50:20.990 [main] INFO  com.debuff.service.impl.SteamServiceImpl - SteamAPI: https://steamcommunity.com/inventory/76561199044940522/730/2?l=schinese
2025-07-09 23:50:20.990 [main] INFO  com.debuff.service.impl.SteamServiceImpl - SteamAPI: 76561199044940522: 10
2025-07-09 23:50:20.995 [main] INFO  com.debuff.service.impl.SteamServiceImpl - SteamAPI: https://steamcommunity.com/inventory/76561198978607732/730/2?l=schinese
2025-07-09 23:50:20.995 [main] ERROR com.debuff.service.impl.SteamServiceImpl - SteamAPI: 76561198978607732: 15
2025-07-09 23:50:21.061 [SpringApplicationShutdownHook] INFO  com.zaxxer.hikari.HikariDataSource - HikariPool-1 - Shutdown initiated...
2025-07-09 23:50:21.068 [SpringApplicationShutdownHook] INFO  com.zaxxer.hikari.HikariDataSource - HikariPool-1 - Shutdown completed.
2025-07-09 23:54:35.546 [main] INFO  com.debuff.debuffbackend.DeBuffBackendApplication - Starting DeBuffBackendApplication using Java 21.0.7 with PID 3500 (D:\Project\Java\DeBuff-Backend\deBuff-backend\target\classes started by m1822 in D:\Project\Java\DeBuff-Backend\deBuff-backend)
2025-07-09 23:54:35.548 [main] DEBUG com.debuff.debuffbackend.DeBuffBackendApplication - Running with Spring Boot v3.5.3, Spring v6.2.8
2025-07-09 23:54:35.548 [main] INFO  com.debuff.debuffbackend.DeBuffBackendApplication - No active profile set, falling back to 1 default profile: "default"
2025-07-09 23:54:36.585 [main] INFO  org.apache.coyote.http11.Http11NioProtocol - Initializing ProtocolHandler ["http-nio-8080"]
2025-07-09 23:54:36.587 [main] INFO  org.apache.catalina.core.StandardService - Starting service [Tomcat]
2025-07-09 23:54:36.587 [main] INFO  org.apache.catalina.core.StandardEngine - Starting Servlet engine: [Apache Tomcat/10.1.42]
2025-07-09 23:54:36.657 [main] INFO  o.a.c.core.ContainerBase.[Tomcat].[localhost].[/] - Initializing Spring embedded WebApplicationContext
2025-07-09 23:54:36.794 [main] INFO  org.hibernate.jpa.internal.util.LogHelper - HHH000204: Processing PersistenceUnitInfo [name: default]
2025-07-09 23:54:36.859 [main] INFO  org.hibernate.Version - HHH000412: Hibernate ORM core version 6.6.18.Final
2025-07-09 23:54:36.887 [main] INFO  o.hibernate.cache.internal.RegionFactoryInitiator - HHH000026: Second-level cache disabled
2025-07-09 23:54:37.154 [main] INFO  com.zaxxer.hikari.HikariDataSource - HikariPool-1 - Starting...
2025-07-09 23:54:37.284 [main] INFO  com.zaxxer.hikari.pool.HikariPool - HikariPool-1 - Added connection com.mysql.cj.jdbc.ConnectionImpl@5a0f87e5
2025-07-09 23:54:37.285 [main] INFO  com.zaxxer.hikari.HikariDataSource - HikariPool-1 - Start completed.
2025-07-09 23:54:37.320 [main] WARN  org.hibernate.orm.deprecation - HHH90000025: MySQL8Dialect does not need to be specified explicitly using 'hibernate.dialect' (remove the property setting and it will be selected by default)
2025-07-09 23:54:37.321 [main] WARN  org.hibernate.orm.deprecation - HHH90000026: MySQL8Dialect has been deprecated; use org.hibernate.dialect.MySQLDialect instead
2025-07-09 23:54:37.335 [main] INFO  org.hibernate.orm.connections.pooling - HHH10001005: Database info:
	Database JDBC URL [Connecting through datasource 'HikariDataSource (HikariPool-1)']
	Database driver: undefined/unknown
	Database version: 8.0
	Autocommit mode: undefined/unknown
	Isolation level: undefined/unknown
	Minimum pool size: undefined/unknown
	Maximum pool size: undefined/unknown
2025-07-09 23:54:37.602 [main] INFO  o.h.e.t.jta.platform.internal.JtaPlatformInitiator - HHH000489: No JTA platform available (set 'hibernate.transaction.jta.platform' to enable JTA platform integration)
2025-07-09 23:54:38.322 [main] WARN  o.s.b.a.o.j.JpaBaseConfiguration$JpaWebConfiguration - spring.jpa.open-in-view is enabled by default. Therefore, database queries may be performed during view rendering. Explicitly configure spring.jpa.open-in-view to disable this warning
2025-07-09 23:54:38.516 [main] WARN  o.s.b.a.t.ThymeleafAutoConfiguration$DefaultTemplateResolverConfiguration - Cannot find template location: classpath:/templates/ (please add some templates, check your Thymeleaf configuration, or set spring.thymeleaf.check-template-location=false)
2025-07-09 23:54:38.698 [main] INFO  org.apache.coyote.http11.Http11NioProtocol - Starting ProtocolHandler ["http-nio-8080"]
2025-07-09 23:54:38.723 [main] INFO  com.debuff.debuffbackend.DeBuffBackendApplication - Started DeBuffBackendApplication in 3.728 seconds (process running for 4.3)
2025-07-09 23:54:42.985 [http-nio-8080-exec-1] INFO  o.a.c.core.ContainerBase.[Tomcat].[localhost].[/] - Initializing Spring DispatcherServlet 'dispatcherServlet'
